Arguments: 
  /usr/bin/node /usr/local/bin/yarn add babel-preset-react@6.24.1 babel-preset-env@1.5.2

PATH: 
  /usr/local/sbin:/usr/local/bin:/usr/sbin:/usr/bin:/sbin:/bin:/usr/games:/usr/local/games:/mnt/c/Program Files/WindowsApps/CanonicalGroupLimited.UbuntuonWindows_1804.2020.5.0_x64__79rhkp1fndgsc:/mnt/c/Python38/Scripts/:/mnt/c/Python38/:/mnt/c/Program Files (x86)/NVIDIA Corporation/PhysX/Common:/mnt/c/Windows/system32:/mnt/c/Windows:/mnt/c/Windows/System32/Wbem:/mnt/c/Windows/System32/WindowsPowerShell/v1.0/:/mnt/c/Windows/System32/OpenSSH/:/mnt/c/Apps/nodejs/:/mnt/c/ProgramData/chocolatey/bin:/mnt/c/Users/Léo/AppData/Local/Microsoft/WindowsApps:/mnt/c/Users/Léo/AppData/Local/Programs/Microsoft VS Code/bin:/mnt/c/Users/Léo/AppData/Roaming/npm:/snap/bin

Yarn version: 
  1.22.4

Node version: 
  8.10.0

Platform: 
  linux x64

Trace: 
  Error: ENOENT: no such file or directory, lstat '/mnt/d/dev/reactTraining/indecision-app/node_modules/babel-code-frame/node_modules/js-tokens/index.js'

npm manifest: 
  {
    "name": "indecision-app",
    "version": "1.0.0",
    "main": "index.js",
    "repository": "https://github.com/leoelrojo/indecision-app.git",
    "author": "wiel.leo <wiel.leo@gmail.com>",
    "license": "MIT"
  }

yarn manifest: 
  No manifest

Lockfile: 
  No lockfile
